2025-02-25 11:01:52 [restartedMain] INFO  c.c.e.EmployeePayrollAppApplication - Starting EmployeePayrollAppApplication using Java 23.0.2 with PID 8188 (C:\Users\Lenovo\OneDrive\Desktop\CapgemTrain\week06-07-BackendJava-EmployeePayrollApp\employeepayrollapp\target\classes started by Lenovo in C:\Users\Lenovo\OneDrive\Desktop\CapgemTrain\week06-07-BackendJava-EmployeePayrollApp\employeepayrollapp)
2025-02-25 11:01:52 [restartedMain] INFO  c.c.e.EmployeePayrollAppApplication - No active profile set, falling back to 1 default profile: "default"
2025-02-25 11:01:53 [restartedMain] INFO  o.s.b.d.e.DevToolsPropertyDefaultsPostProcessor - Devtools property defaults active! Set 'spring.devtools.add-properties' to 'false' to disable
2025-02-25 11:01:53 [restartedMain] INFO  o.s.b.d.e.DevToolsPropertyDefaultsPostProcessor - For additional web related logging consider setting the 'logging.level.web' property to 'DEBUG'
2025-02-25 11:01:54 [restartedMain] INFO  o.s.d.r.c.RepositoryConfigurationDelegate - Bootstrapping Spring Data JPA repositories in DEFAULT mode.
2025-02-25 11:01:54 [restartedMain] INFO  o.s.d.r.c.RepositoryConfigurationDelegate - Finished Spring Data repository scanning in 81 ms. Found 1 JPA repository interface.
2025-02-25 11:01:55 [restartedMain] INFO  o.s.b.w.e.tomcat.TomcatWebServer - Tomcat initialized with port 8080 (http)
2025-02-25 11:01:55 [restartedMain] INFO  o.a.catalina.core.StandardService - Starting service [Tomcat]
2025-02-25 11:01:55 [restartedMain] INFO  o.a.catalina.core.StandardEngine - Starting Servlet engine: [Apache Tomcat/10.1.36]
2025-02-25 11:01:55 [restartedMain] INFO  o.a.c.c.C.[Tomcat].[localhost].[/] - Initializing Spring embedded WebApplicationContext
2025-02-25 11:01:55 [restartedMain] INFO  o.s.b.w.s.c.ServletWebServerApplicationContext - Root WebApplicationContext: initialization completed in 2852 ms
2025-02-25 11:01:56 [restartedMain] INFO  com.zaxxer.hikari.HikariDataSource - HikariPool-1 - Starting...
2025-02-25 11:01:56 [restartedMain] INFO  com.zaxxer.hikari.pool.HikariPool - HikariPool-1 - Added connection conn0: url=jdbc:h2:file:./data/employeedb user=SA
2025-02-25 11:01:56 [restartedMain] INFO  com.zaxxer.hikari.HikariDataSource - HikariPool-1 - Start completed.
2025-02-25 11:01:56 [restartedMain] INFO  o.h.jpa.internal.util.LogHelper - HHH000204: Processing PersistenceUnitInfo [name: default]
2025-02-25 11:01:56 [restartedMain] INFO  org.hibernate.Version - HHH000412: Hibernate ORM core version 6.6.8.Final
2025-02-25 11:01:56 [restartedMain] INFO  o.h.c.i.RegionFactoryInitiator - HHH000026: Second-level cache disabled
2025-02-25 11:01:57 [restartedMain] INFO  o.s.o.j.p.SpringPersistenceUnitInfo - No LoadTimeWeaver setup: ignoring JPA class transformer
2025-02-25 11:01:57 [restartedMain] WARN  org.hibernate.orm.deprecation - HHH90000025: H2Dialect does not need to be specified explicitly using 'hibernate.dialect' (remove the property setting and it will be selected by default)
2025-02-25 11:01:57 [restartedMain] INFO  o.hibernate.orm.connections.pooling - HHH10001005: Database info:
	Database JDBC URL [Connecting through datasource 'HikariDataSource (HikariPool-1)']
	Database driver: undefined/unknown
	Database version: 2.3.232
	Autocommit mode: undefined/unknown
	Isolation level: undefined/unknown
	Minimum pool size: undefined/unknown
	Maximum pool size: undefined/unknown
2025-02-25 11:01:58 [restartedMain] INFO  o.h.e.t.j.p.i.JtaPlatformInitiator - HHH000489: No JTA platform available (set 'hibernate.transaction.jta.platform' to enable JTA platform integration)
2025-02-25 11:01:58 [restartedMain] INFO  o.s.o.j.LocalContainerEntityManagerFactoryBean - Initialized JPA EntityManagerFactory for persistence unit 'default'
2025-02-25 11:01:59 [restartedMain] WARN  o.s.b.a.o.j.JpaBaseConfiguration$JpaWebConfiguration - spring.jpa.open-in-view is enabled by default. Therefore, database queries may be performed during view rendering. Explicitly configure spring.jpa.open-in-view to disable this warning
2025-02-25 11:01:59 [restartedMain] INFO  o.s.b.a.h.H2ConsoleAutoConfiguration - H2 console available at '/h2-console'. Database available at 'jdbc:h2:file:./data/employeedb'
2025-02-25 11:01:59 [restartedMain] INFO  o.s.b.d.a.OptionalLiveReloadServer - LiveReload server is running on port 35729
2025-02-25 11:01:59 [restartedMain] INFO  o.s.b.w.e.tomcat.TomcatWebServer - Tomcat started on port 8080 (http) with context path '/'
2025-02-25 11:01:59 [restartedMain] INFO  c.c.e.EmployeePayrollAppApplication - Started EmployeePayrollAppApplication in 7.967 seconds (process running for 8.945)
2025-02-25 11:01:59 [restartedMain] INFO  c.c.e.EmployeePayrollAppApplication - Employee Payroll Application has started successfully.
2025-02-25 11:44:58 [restartedMain] INFO  c.c.e.EmployeePayrollAppApplication - Starting EmployeePayrollAppApplication using Java 23.0.2 with PID 16844 (C:\Users\Lenovo\OneDrive\Desktop\CapgemTrain\week06-07-BackendJava-EmployeePayrollApp\employeepayrollapp\target\classes started by Lenovo in C:\Users\Lenovo\OneDrive\Desktop\CapgemTrain\week06-07-BackendJava-EmployeePayrollApp\employeepayrollapp)
2025-02-25 11:44:58 [restartedMain] DEBUG c.c.e.EmployeePayrollAppApplication - Running with Spring Boot v3.4.3, Spring v6.2.3
2025-02-25 11:44:58 [restartedMain] INFO  c.c.e.EmployeePayrollAppApplication - The following 1 profile is active: "dev"
2025-02-25 11:45:06 [restartedMain] WARN  o.s.b.a.o.j.JpaBaseConfiguration$JpaWebConfiguration - spring.jpa.open-in-view is enabled by default. Therefore, database queries may be performed during view rendering. Explicitly configure spring.jpa.open-in-view to disable this warning
2025-02-25 11:45:07 [restartedMain] INFO  c.c.e.EmployeePayrollAppApplication - Started EmployeePayrollAppApplication in 10.197 seconds (process running for 11.853)
2025-02-25 11:45:07 [restartedMain] INFO  c.c.e.EmployeePayrollAppApplication - Employee Payroll Application has started successfully
2025-02-25 11:45:37 [restartedMain] INFO  c.c.e.EmployeePayrollAppApplication - Starting EmployeePayrollAppApplication using Java 23.0.2 with PID 18528 (C:\Users\Lenovo\OneDrive\Desktop\CapgemTrain\week06-07-BackendJava-EmployeePayrollApp\employeepayrollapp\target\classes started by Lenovo in C:\Users\Lenovo\OneDrive\Desktop\CapgemTrain\week06-07-BackendJava-EmployeePayrollApp\employeepayrollapp)
2025-02-25 11:45:37 [restartedMain] DEBUG c.c.e.EmployeePayrollAppApplication - Running with Spring Boot v3.4.3, Spring v6.2.3
2025-02-25 11:45:37 [restartedMain] INFO  c.c.e.EmployeePayrollAppApplication - The following 1 profile is active: "dev"
2025-02-25 11:45:44 [restartedMain] WARN  o.s.b.a.o.j.JpaBaseConfiguration$JpaWebConfiguration - spring.jpa.open-in-view is enabled by default. Therefore, database queries may be performed during view rendering. Explicitly configure spring.jpa.open-in-view to disable this warning
2025-02-25 11:45:45 [restartedMain] INFO  c.c.e.EmployeePayrollAppApplication - Started EmployeePayrollAppApplication in 7.894 seconds (process running for 8.638)
2025-02-25 11:45:45 [restartedMain] INFO  c.c.e.EmployeePayrollAppApplication - Employee Payroll Application has started successfully
2025-02-25 11:47:50 [restartedMain] INFO  c.c.e.EmployeePayrollAppApplication - Starting EmployeePayrollAppApplication using Java 23.0.2 with PID 3640 (C:\Users\Lenovo\OneDrive\Desktop\CapgemTrain\week06-07-BackendJava-EmployeePayrollApp\employeepayrollapp\target\classes started by Lenovo in C:\Users\Lenovo\OneDrive\Desktop\CapgemTrain\week06-07-BackendJava-EmployeePayrollApp\employeepayrollapp)
2025-02-25 11:47:50 [restartedMain] DEBUG c.c.e.EmployeePayrollAppApplication - Running with Spring Boot v3.4.3, Spring v6.2.3
2025-02-25 11:47:50 [restartedMain] INFO  c.c.e.EmployeePayrollAppApplication - The following 1 profile is active: "dev"
2025-02-25 11:47:56 [restartedMain] WARN  o.s.b.a.o.j.JpaBaseConfiguration$JpaWebConfiguration - spring.jpa.open-in-view is enabled by default. Therefore, database queries may be performed during view rendering. Explicitly configure spring.jpa.open-in-view to disable this warning
2025-02-25 11:47:56 [restartedMain] INFO  c.c.e.EmployeePayrollAppApplication - Started EmployeePayrollAppApplication in 7.37 seconds (process running for 8.133)
2025-02-25 11:47:57 [restartedMain] INFO  c.c.e.EmployeePayrollAppApplication - Employee Payroll Application has started successfully
2025-02-25 11:49:54 [restartedMain] INFO  c.c.e.EmployeePayrollAppApplication - Starting EmployeePayrollAppApplication using Java 23.0.2 with PID 9480 (C:\Users\Lenovo\OneDrive\Desktop\CapgemTrain\week06-07-BackendJava-EmployeePayrollApp\employeepayrollapp\target\classes started by Lenovo in C:\Users\Lenovo\OneDrive\Desktop\CapgemTrain\week06-07-BackendJava-EmployeePayrollApp\employeepayrollapp)
2025-02-25 11:49:54 [restartedMain] DEBUG c.c.e.EmployeePayrollAppApplication - Running with Spring Boot v3.4.3, Spring v6.2.3
2025-02-25 11:49:54 [restartedMain] INFO  c.c.e.EmployeePayrollAppApplication - The following 1 profile is active: "dev"
2025-02-25 11:50:00 [restartedMain] WARN  o.s.b.a.o.j.JpaBaseConfiguration$JpaWebConfiguration - spring.jpa.open-in-view is enabled by default. Therefore, database queries may be performed during view rendering. Explicitly configure spring.jpa.open-in-view to disable this warning
2025-02-25 11:50:02 [restartedMain] INFO  c.c.e.EmployeePayrollAppApplication - Started EmployeePayrollAppApplication in 8.207 seconds (process running for 9.018)
2025-02-25 11:50:02 [restartedMain] INFO  c.c.e.EmployeePayrollAppApplication - Employee Payroll Application has started successfully
2025-02-25 11:51:00 [restartedMain] INFO  c.c.e.EmployeePayrollAppApplication - Starting EmployeePayrollAppApplication using Java 23.0.2 with PID 7504 (C:\Users\Lenovo\OneDrive\Desktop\CapgemTrain\week06-07-BackendJava-EmployeePayrollApp\employeepayrollapp\target\classes started by Lenovo in C:\Users\Lenovo\OneDrive\Desktop\CapgemTrain\week06-07-BackendJava-EmployeePayrollApp\employeepayrollapp)
2025-02-25 11:51:00 [restartedMain] DEBUG c.c.e.EmployeePayrollAppApplication - Running with Spring Boot v3.4.3, Spring v6.2.3
2025-02-25 11:51:00 [restartedMain] INFO  c.c.e.EmployeePayrollAppApplication - The following 1 profile is active: "dev"
2025-02-25 11:51:12 [restartedMain] WARN  o.s.b.a.o.j.JpaBaseConfiguration$JpaWebConfiguration - spring.jpa.open-in-view is enabled by default. Therefore, database queries may be performed during view rendering. Explicitly configure spring.jpa.open-in-view to disable this warning
2025-02-25 11:51:15 [restartedMain] INFO  c.c.e.EmployeePayrollAppApplication - Started EmployeePayrollAppApplication in 16.321 seconds (process running for 17.172)
2025-02-25 11:51:15 [restartedMain] INFO  c.c.e.EmployeePayrollAppApplication - Employee Payroll Application has started successfully
2025-02-25 11:52:32 [restartedMain] INFO  c.c.e.EmployeePayrollAppApplication - Starting EmployeePayrollAppApplication using Java 23.0.2 with PID 10700 (C:\Users\Lenovo\OneDrive\Desktop\CapgemTrain\week06-07-BackendJava-EmployeePayrollApp\employeepayrollapp\target\classes started by Lenovo in C:\Users\Lenovo\OneDrive\Desktop\CapgemTrain\week06-07-BackendJava-EmployeePayrollApp\employeepayrollapp)
2025-02-25 11:52:32 [restartedMain] DEBUG c.c.e.EmployeePayrollAppApplication - Running with Spring Boot v3.4.3, Spring v6.2.3
2025-02-25 11:52:32 [restartedMain] INFO  c.c.e.EmployeePayrollAppApplication - The following 1 profile is active: "dev"
2025-02-25 11:52:39 [restartedMain] WARN  o.s.b.a.o.j.JpaBaseConfiguration$JpaWebConfiguration - spring.jpa.open-in-view is enabled by default. Therefore, database queries may be performed during view rendering. Explicitly configure spring.jpa.open-in-view to disable this warning
2025-02-25 11:52:40 [restartedMain] INFO  c.c.e.EmployeePayrollAppApplication - Started EmployeePayrollAppApplication in 8.344 seconds (process running for 9.229)
2025-02-25 11:52:40 [restartedMain] INFO  c.c.e.EmployeePayrollAppApplication - Employee Payroll Application has started successfully
2025-02-25 11:53:32 [restartedMain] INFO  c.c.e.EmployeePayrollAppApplication - Starting EmployeePayrollAppApplication using Java 23.0.2 with PID 17688 (C:\Users\Lenovo\OneDrive\Desktop\CapgemTrain\week06-07-BackendJava-EmployeePayrollApp\employeepayrollapp\target\classes started by Lenovo in C:\Users\Lenovo\OneDrive\Desktop\CapgemTrain\week06-07-BackendJava-EmployeePayrollApp\employeepayrollapp)
2025-02-25 11:53:32 [restartedMain] DEBUG c.c.e.EmployeePayrollAppApplication - Running with Spring Boot v3.4.3, Spring v6.2.3
2025-02-25 11:53:32 [restartedMain] INFO  c.c.e.EmployeePayrollAppApplication - The following 1 profile is active: "dev"
2025-02-25 11:53:38 [restartedMain] WARN  o.s.b.a.o.j.JpaBaseConfiguration$JpaWebConfiguration - spring.jpa.open-in-view is enabled by default. Therefore, database queries may be performed during view rendering. Explicitly configure spring.jpa.open-in-view to disable this warning
2025-02-25 11:53:39 [restartedMain] INFO  c.c.e.EmployeePayrollAppApplication - Started EmployeePayrollAppApplication in 8.035 seconds (process running for 8.839)
2025-02-25 11:53:39 [restartedMain] INFO  c.c.e.EmployeePayrollAppApplication - Employee Payroll Application has started successfully.
2025-02-25 11:54:26 [restartedMain] INFO  c.c.e.EmployeePayrollAppApplication - Starting EmployeePayrollAppApplication using Java 23.0.2 with PID 9288 (C:\Users\Lenovo\OneDrive\Desktop\CapgemTrain\week06-07-BackendJava-EmployeePayrollApp\employeepayrollapp\target\classes started by Lenovo in C:\Users\Lenovo\OneDrive\Desktop\CapgemTrain\week06-07-BackendJava-EmployeePayrollApp\employeepayrollapp)
2025-02-25 11:54:26 [restartedMain] DEBUG c.c.e.EmployeePayrollAppApplication - Running with Spring Boot v3.4.3, Spring v6.2.3
2025-02-25 11:54:26 [restartedMain] INFO  c.c.e.EmployeePayrollAppApplication - The following 1 profile is active: "dev"
2025-02-25 11:54:34 [restartedMain] WARN  o.s.b.a.o.j.JpaBaseConfiguration$JpaWebConfiguration - spring.jpa.open-in-view is enabled by default. Therefore, database queries may be performed during view rendering. Explicitly configure spring.jpa.open-in-view to disable this warning
2025-02-25 11:54:35 [restartedMain] INFO  c.c.e.EmployeePayrollAppApplication - Started EmployeePayrollAppApplication in 8.855 seconds (process running for 9.696)
2025-02-25 11:54:35 [restartedMain] INFO  c.c.e.EmployeePayrollAppApplication - Employee Payroll Application has started successfully. DEV
2025-02-25 11:54:47 [restartedMain] INFO  c.c.e.EmployeePayrollAppApplication - Starting EmployeePayrollAppApplication using Java 23.0.2 with PID 13648 (C:\Users\Lenovo\OneDrive\Desktop\CapgemTrain\week06-07-BackendJava-EmployeePayrollApp\employeepayrollapp\target\classes started by Lenovo in C:\Users\Lenovo\OneDrive\Desktop\CapgemTrain\week06-07-BackendJava-EmployeePayrollApp\employeepayrollapp)
2025-02-25 11:54:47 [restartedMain] DEBUG c.c.e.EmployeePayrollAppApplication - Running with Spring Boot v3.4.3, Spring v6.2.3
2025-02-25 11:54:47 [restartedMain] INFO  c.c.e.EmployeePayrollAppApplication - The following 1 profile is active: "dev"
2025-02-25 11:54:57 [restartedMain] WARN  o.s.b.a.o.j.JpaBaseConfiguration$JpaWebConfiguration - spring.jpa.open-in-view is enabled by default. Therefore, database queries may be performed during view rendering. Explicitly configure spring.jpa.open-in-view to disable this warning
2025-02-25 11:54:59 [restartedMain] INFO  c.c.e.EmployeePayrollAppApplication - Started EmployeePayrollAppApplication in 12.766 seconds (process running for 13.778)
2025-02-25 11:54:59 [restartedMain] INFO  c.c.e.EmployeePayrollAppApplication - Employee Payroll Application has started successfully.
2025-02-25 11:55:17 [restartedMain] INFO  c.c.e.EmployeePayrollAppApplication - Starting EmployeePayrollAppApplication using Java 23.0.2 with PID 18480 (C:\Users\Lenovo\OneDrive\Desktop\CapgemTrain\week06-07-BackendJava-EmployeePayrollApp\employeepayrollapp\target\classes started by Lenovo in C:\Users\Lenovo\OneDrive\Desktop\CapgemTrain\week06-07-BackendJava-EmployeePayrollApp\employeepayrollapp)
2025-02-25 11:55:17 [restartedMain] DEBUG c.c.e.EmployeePayrollAppApplication - Running with Spring Boot v3.4.3, Spring v6.2.3
2025-02-25 11:55:17 [restartedMain] INFO  c.c.e.EmployeePayrollAppApplication - The following 1 profile is active: "dev"
2025-02-25 11:55:25 [restartedMain] WARN  o.s.b.a.o.j.JpaBaseConfiguration$JpaWebConfiguration - spring.jpa.open-in-view is enabled by default. Therefore, database queries may be performed during view rendering. Explicitly configure spring.jpa.open-in-view to disable this warning
2025-02-25 11:55:26 [restartedMain] INFO  c.c.e.EmployeePayrollAppApplication - Started EmployeePayrollAppApplication in 9.263 seconds (process running for 10.062)
2025-02-25 11:55:26 [restartedMain] INFO  c.c.e.EmployeePayrollAppApplication - Employee Payroll Application has started successfully
2025-02-25 11:55:54 [restartedMain] INFO  c.c.e.EmployeePayrollAppApplication - Starting EmployeePayrollAppApplication using Java 23.0.2 with PID 15236 (C:\Users\Lenovo\OneDrive\Desktop\CapgemTrain\week06-07-BackendJava-EmployeePayrollApp\employeepayrollapp\target\classes started by Lenovo in C:\Users\Lenovo\OneDrive\Desktop\CapgemTrain\week06-07-BackendJava-EmployeePayrollApp\employeepayrollapp)
2025-02-25 11:55:54 [restartedMain] DEBUG c.c.e.EmployeePayrollAppApplication - Running with Spring Boot v3.4.3, Spring v6.2.3
2025-02-25 11:55:54 [restartedMain] INFO  c.c.e.EmployeePayrollAppApplication - The following 1 profile is active: "dev"
2025-02-25 11:56:02 [restartedMain] WARN  o.s.b.a.o.j.JpaBaseConfiguration$JpaWebConfiguration - spring.jpa.open-in-view is enabled by default. Therefore, database queries may be performed during view rendering. Explicitly configure spring.jpa.open-in-view to disable this warning
2025-02-25 11:56:03 [restartedMain] INFO  c.c.e.EmployeePayrollAppApplication - Started EmployeePayrollAppApplication in 10.281 seconds (process running for 11.069)
2025-02-25 11:56:03 [restartedMain] INFO  c.c.e.EmployeePayrollAppApplication - Employee Payroll Application has started successfully
2025-02-25 11:57:23 [INFO][restartedMain] [c.c.e.EmployeePayrollAppApplication:53] - Starting EmployeePayrollAppApplication using Java 23.0.2 with PID 17980 (C:\Users\Lenovo\OneDrive\Desktop\CapgemTrain\week06-07-BackendJava-EmployeePayrollApp\employeepayrollapp\target\classes started by Lenovo in C:\Users\Lenovo\OneDrive\Desktop\CapgemTrain\week06-07-BackendJava-EmployeePayrollApp\employeepayrollapp)
2025-02-25 11:57:23 [DEBUG][restartedMain] [c.c.e.EmployeePayrollAppApplication:54] - Running with Spring Boot v3.4.3, Spring v6.2.3
2025-02-25 11:57:23 [INFO][restartedMain] [c.c.e.EmployeePayrollAppApplication:658] - The following 1 profile is active: "dev"
2025-02-25 11:57:29 [WARN][restartedMain] [o.s.b.a.o.j.JpaBaseConfiguration$JpaWebConfiguration:241] - spring.jpa.open-in-view is enabled by default. Therefore, database queries may be performed during view rendering. Explicitly configure spring.jpa.open-in-view to disable this warning
2025-02-25 11:57:30 [INFO][restartedMain] [c.c.e.EmployeePayrollAppApplication:59] - Started EmployeePayrollAppApplication in 7.923 seconds (process running for 8.737)
2025-02-25 11:57:30 [INFO][restartedMain] [c.c.e.EmployeePayrollAppApplication:13] - Employee Payroll Application has started successfully
2025-02-25 11:59:09 [INFO][restartedMain] [c.c.e.EmployeePayrollAppApplication:53] - Starting EmployeePayrollAppApplication using Java 23.0.2 with PID 19344 (C:\Users\Lenovo\OneDrive\Desktop\CapgemTrain\week06-07-BackendJava-EmployeePayrollApp\employeepayrollapp\target\classes started by Lenovo in C:\Users\Lenovo\OneDrive\Desktop\CapgemTrain\week06-07-BackendJava-EmployeePayrollApp\employeepayrollapp)
2025-02-25 11:59:09 [DEBUG][restartedMain] [c.c.e.EmployeePayrollAppApplication:54] - Running with Spring Boot v3.4.3, Spring v6.2.3
2025-02-25 11:59:09 [INFO][restartedMain] [c.c.e.EmployeePayrollAppApplication:658] - The following 1 profile is active: "dev"
2025-02-25 11:59:15 [WARN][restartedMain] [o.s.b.a.o.j.JpaBaseConfiguration$JpaWebConfiguration:241] - spring.jpa.open-in-view is enabled by default. Therefore, database queries may be performed during view rendering. Explicitly configure spring.jpa.open-in-view to disable this warning
2025-02-25 11:59:16 [INFO][restartedMain] [c.c.e.EmployeePayrollAppApplication:59] - Started EmployeePayrollAppApplication in 7.459 seconds (process running for 8.226)
2025-02-25 11:59:16 [INFO][restartedMain] [c.c.e.EmployeePayrollAppApplication:13] - Employee Payroll Application has started successfully
2025-02-25 12:00:14 [INFO][restartedMain] [c.c.e.EmployeePayrollAppApplication:53] - Starting EmployeePayrollAppApplication using Java 23.0.2 with PID 15476 (C:\Users\Lenovo\OneDrive\Desktop\CapgemTrain\week06-07-BackendJava-EmployeePayrollApp\employeepayrollapp\target\classes started by Lenovo in C:\Users\Lenovo\OneDrive\Desktop\CapgemTrain\week06-07-BackendJava-EmployeePayrollApp\employeepayrollapp)
2025-02-25 12:00:14 [DEBUG][restartedMain] [c.c.e.EmployeePayrollAppApplication:54] - Running with Spring Boot v3.4.3, Spring v6.2.3
2025-02-25 12:00:14 [INFO][restartedMain] [c.c.e.EmployeePayrollAppApplication:658] - The following 1 profile is active: "dev"
2025-02-25 12:00:20 [WARN][restartedMain] [o.s.b.a.o.j.JpaBaseConfiguration$JpaWebConfiguration:241] - spring.jpa.open-in-view is enabled by default. Therefore, database queries may be performed during view rendering. Explicitly configure spring.jpa.open-in-view to disable this warning
2025-02-25 12:00:21 [INFO][restartedMain] [c.c.e.EmployeePayrollAppApplication:59] - Started EmployeePayrollAppApplication in 8.728 seconds (process running for 9.561)
2025-02-25 12:00:21 [INFO][restartedMain] [c.c.e.EmployeePayrollAppApplication:13] - Employee Payroll Application has started successfully in environment: DEV
2025-02-25 12:05:51 [DEBUG][http-nio-8080-exec-1] [o.h.SQL:135] - select e1_0.id,e1_0.name,e1_0.salary from employee e1_0
2025-02-25 12:05:58 [DEBUG][http-nio-8080-exec-3] [o.h.SQL:135] - insert into employee (name,salary,id) values (?,?,default)
2025-02-25 12:06:04 [DEBUG][http-nio-8080-exec-4] [o.h.SQL:135] - select e1_0.id,e1_0.name,e1_0.salary from employee e1_0
2025-02-25 12:06:13 [DEBUG][http-nio-8080-exec-5] [o.h.SQL:135] - insert into employee (name,salary,id) values (?,?,default)
2025-02-25 12:06:18 [DEBUG][http-nio-8080-exec-6] [o.h.SQL:135] - select e1_0.id,e1_0.name,e1_0.salary from employee e1_0
2025-02-25 12:52:42 [INFO][restartedMain] [c.c.e.EmployeePayrollAppApplication:53] - Starting EmployeePayrollAppApplication using Java 23.0.2 with PID 5048 (C:\Users\Lenovo\OneDrive\Desktop\CapgemTrain\week06-07-BackendJava-EmployeePayrollApp\employeepayrollapp\target\classes started by Lenovo in C:\Users\Lenovo\OneDrive\Desktop\CapgemTrain\week06-07-BackendJava-EmployeePayrollApp\employeepayrollapp)
2025-02-25 12:52:42 [DEBUG][restartedMain] [c.c.e.EmployeePayrollAppApplication:54] - Running with Spring Boot v3.4.3, Spring v6.2.3
2025-02-25 12:52:42 [INFO][restartedMain] [c.c.e.EmployeePayrollAppApplication:658] - The following 1 profile is active: "dev"
2025-02-25 12:52:48 [WARN][restartedMain] [o.s.b.a.o.j.JpaBaseConfiguration$JpaWebConfiguration:241] - spring.jpa.open-in-view is enabled by default. Therefore, database queries may be performed during view rendering. Explicitly configure spring.jpa.open-in-view to disable this warning
2025-02-25 12:52:49 [INFO][restartedMain] [c.c.e.EmployeePayrollAppApplication:59] - Started EmployeePayrollAppApplication in 7.527 seconds (process running for 9.181)
2025-02-25 12:52:49 [INFO][restartedMain] [c.c.e.EmployeePayrollAppApplication:13] - Employee Payroll Application has started successfully in environment: DEV
2025-02-25 12:59:44 [INFO][restartedMain] [c.c.e.EmployeePayrollAppApplication:53] - Starting EmployeePayrollAppApplication using Java 23.0.2 with PID 16464 (C:\Users\Lenovo\OneDrive\Desktop\CapgemTrain\week06-07-BackendJava-EmployeePayrollApp\employeepayrollapp\target\classes started by Lenovo in C:\Users\Lenovo\OneDrive\Desktop\CapgemTrain\week06-07-BackendJava-EmployeePayrollApp\employeepayrollapp)
2025-02-25 12:59:44 [DEBUG][restartedMain] [c.c.e.EmployeePayrollAppApplication:54] - Running with Spring Boot v3.4.3, Spring v6.2.3
2025-02-25 12:59:44 [INFO][restartedMain] [c.c.e.EmployeePayrollAppApplication:658] - The following 1 profile is active: "dev"
2025-02-25 12:59:50 [DEBUG][restartedMain] [o.h.SQL:135] - create table employee (id bigint not null auto_increment, name varchar(255), salary float(53) not null, primary key (id)) engine=InnoDB
2025-02-25 12:59:51 [WARN][restartedMain] [o.s.b.a.o.j.JpaBaseConfiguration$JpaWebConfiguration:241] - spring.jpa.open-in-view is enabled by default. Therefore, database queries may be performed during view rendering. Explicitly configure spring.jpa.open-in-view to disable this warning
2025-02-25 12:59:51 [INFO][restartedMain] [c.c.e.EmployeePayrollAppApplication:59] - Started EmployeePayrollAppApplication in 8.005 seconds (process running for 12.46)
2025-02-25 12:59:51 [INFO][restartedMain] [c.c.e.EmployeePayrollAppApplication:13] - Employee Payroll Application has started successfully in environment: DEV
2025-02-25 13:01:03 [INFO][restartedMain] [c.c.e.EmployeePayrollAppApplication:53] - Starting EmployeePayrollAppApplication using Java 23.0.2 with PID 15904 (C:\Users\Lenovo\OneDrive\Desktop\CapgemTrain\week06-07-BackendJava-EmployeePayrollApp\employeepayrollapp\target\classes started by Lenovo in C:\Users\Lenovo\OneDrive\Desktop\CapgemTrain\week06-07-BackendJava-EmployeePayrollApp\employeepayrollapp)
2025-02-25 13:01:03 [DEBUG][restartedMain] [c.c.e.EmployeePayrollAppApplication:54] - Running with Spring Boot v3.4.3, Spring v6.2.3
2025-02-25 13:01:03 [INFO][restartedMain] [c.c.e.EmployeePayrollAppApplication:658] - The following 1 profile is active: "dev"
2025-02-25 13:01:08 [WARN][restartedMain] [o.s.b.a.o.j.JpaBaseConfiguration$JpaWebConfiguration:241] - spring.jpa.open-in-view is enabled by default. Therefore, database queries may be performed during view rendering. Explicitly configure spring.jpa.open-in-view to disable this warning
2025-02-25 13:01:08 [INFO][restartedMain] [c.c.e.EmployeePayrollAppApplication:59] - Started EmployeePayrollAppApplication in 6.793 seconds (process running for 7.51)
2025-02-25 13:01:08 [INFO][restartedMain] [c.c.e.EmployeePayrollAppApplication:13] - Employee Payroll Application has started successfully in environment: DEV
